app/build/intermediates/manifest_merge_blame_file/debug/manifest-merger-blame-debug-report.txt
1<?xml version="1.0" encoding="utf-8"?>
2<manifest xmlns:android="http://schemas.android.com/apk/res/android"
3    package="com.android.androidcoroutinedemokotlin"
4    android:versionCode="1"
5    android:versionName="1.0" >
6
7    <uses-sdk
8        android:minSdkVersion="24"
8-->src/main/AndroidManifest.xml
9        android:targetSdkVersion="31" />
9-->src/main/AndroidManifest.xml
10
11    <uses-permission android:name="android.permission.INTERNET" />
11-->src/main/AndroidManifest.xml:5:5-67
11-->src/main/AndroidManifest.xml:5:22-64
12    <uses-permission android:name="android.permission.REORDER_TASKS" />
12-->[androidx.test:core:1.4.0] AndroidManifest.xml:24:5-72
12-->[androidx.test:core:1.4.0] AndroidManifest.xml:24:22-69
13
14    <application
14-->src/main/AndroidManifest.xml:7:5-26:19
15        android:allowBackup="true"
15-->src/main/AndroidManifest.xml:8:9-35
16        android:appComponentFactory="androidx.core.app.CoreComponentFactory"
16-->[androidx.core:core:1.3.2] AndroidManifest.xml:24:18-86
17        android:debuggable="true"
18        android:extractNativeLibs="false"
19        android:icon="@mipmap/ic_launcher"
19-->src/main/AndroidManifest.xml:9:9-43
20        android:label="@string/app_name"
20-->src/main/AndroidManifest.xml:10:9-41
21        android:roundIcon="@mipmap/ic_launcher_round"
21-->src/main/AndroidManifest.xml:11:9-54
22        android:supportsRtl="true"
22-->src/main/AndroidManifest.xml:12:9-35
23        android:testOnly="true"
24        android:theme="@style/new_theme" >
24-->src/main/AndroidManifest.xml:13:9-41
25        <activity
25-->src/main/AndroidManifest.xml:14:9-16:40
26            android:name="com.android.androidcoroutinedemokotlin.Repo_activity"
26-->src/main/AndroidManifest.xml:15:13-42
27            android:exported="false" />
27-->src/main/AndroidManifest.xml:16:13-37
28        <activity
28-->src/main/AndroidManifest.xml:17:9-25:20
29            android:name="com.android.androidcoroutinedemokotlin.MainActivity"
29-->src/main/AndroidManifest.xml:18:13-41
30            android:exported="true" >
30-->src/main/AndroidManifest.xml:19:13-36
31            <intent-filter>
31-->src/main/AndroidManifest.xml:20:13-24:29
32                <action android:name="android.intent.action.MAIN" />
32-->src/main/AndroidManifest.xml:21:17-69
32-->src/main/AndroidManifest.xml:21:25-66
33
34                <category android:name="android.intent.category.LAUNCHER" />
34-->src/main/AndroidManifest.xml:23:17-77
34-->src/main/AndroidManifest.xml:23:27-74
35            </intent-filter>
36        </activity>
37
38        <provider
38-->[com.squareup.picasso:picasso:2.71828] AndroidManifest.xml:8:9-11:40
39            android:name="com.squareup.picasso.PicassoProvider"
39-->[com.squareup.picasso:picasso:2.71828] AndroidManifest.xml:9:13-64
40            android:authorities="com.android.androidcoroutinedemokotlin.com.squareup.picasso"
40-->[com.squareup.picasso:picasso:2.71828] AndroidManifest.xml:10:13-72
41            android:exported="false" />
41-->[com.squareup.picasso:picasso:2.71828] AndroidManifest.xml:11:13-37
42
43        <activity
43-->[androidx.test:core:1.4.0] AndroidManifest.xml:27:9-34:20
44            android:name="androidx.test.core.app.InstrumentationActivityInvoker$BootstrapActivity"
44-->[androidx.test:core:1.4.0] AndroidManifest.xml:28:13-99
45            android:exported="true"
45-->[androidx.test:core:1.4.0] AndroidManifest.xml:29:13-36
46            android:theme="@android:style/Theme" >
46-->[androidx.test:core:1.4.0] AndroidManifest.xml:30:13-49
47            <intent-filter>
47-->[androidx.test:core:1.4.0] AndroidManifest.xml:31:13-33:29
48                <action android:name="android.intent.action.MAIN" />
48-->src/main/AndroidManifest.xml:21:17-69
48-->src/main/AndroidManifest.xml:21:25-66
49            </intent-filter>
50        </activity>
51        <activity
51-->[androidx.test:core:1.4.0] AndroidManifest.xml:35:9-42:20
52            android:name="androidx.test.core.app.InstrumentationActivityInvoker$EmptyActivity"
52-->[androidx.test:core:1.4.0] AndroidManifest.xml:36:13-95
53            android:exported="true"
53-->[androidx.test:core:1.4.0] AndroidManifest.xml:37:13-36
54            android:theme="@android:style/Theme" >
54-->[androidx.test:core:1.4.0] AndroidManifest.xml:38:13-49
55            <intent-filter>
55-->[androidx.test:core:1.4.0] AndroidManifest.xml:31:13-33:29
56                <action android:name="android.intent.action.MAIN" />
56-->src/main/AndroidManifest.xml:21:17-69
56-->src/main/AndroidManifest.xml:21:25-66
57            </intent-filter>
58        </activity>
59        <activity
59-->[androidx.test:core:1.4.0] AndroidManifest.xml:43:9-50:20
60            android:name="androidx.test.core.app.InstrumentationActivityInvoker$EmptyFloatingActivity"
60-->[androidx.test:core:1.4.0] AndroidManifest.xml:44:13-103
61            android:exported="true"
61-->[androidx.test:core:1.4.0] AndroidManifest.xml:45:13-36
62            android:theme="@android:style/Theme.Dialog" >
62-->[androidx.test:core:1.4.0] AndroidManifest.xml:46:13-56
63            <intent-filter>
63-->[androidx.test:core:1.4.0] AndroidManifest.xml:31:13-33:29
64                <action android:name="android.intent.action.MAIN" />
64-->src/main/AndroidManifest.xml:21:17-69
64-->src/main/AndroidManifest.xml:21:25-66
65            </intent-filter>
66        </activity>
67    </application>
68
69</manifest>